<?xml version="1.0" encoding="UTF-8"?>
<coverage generated="1772720572110" clover="3.2.0">
  <project timestamp="1772720572110" name="All files">
    <metrics statements="16" coveredstatements="16" conditionals="25" coveredconditionals="24" methods="1" coveredmethods="1" elements="42" coveredelements="41" complexity="0" loc="16" ncloc="16" packages="1" files="1" classes="1"/>
    <file name="password.ts" path="C:\Users\Zarkrun\WebstormProjects\dev3-backend-tp1\server\src\utils\password.ts">
      <metrics statements="16" coveredstatements="16" conditionals="25" coveredconditionals="24" methods="1" coveredmethods="1"/>
      <line num="1" count="1" type="stmt"/>
      <line num="2" count="9" type="cond" truecount="2" falsecount="0"/>
      <line num="3" count="8" type="cond" truecount="2" falsecount="0"/>
      <line num="4" count="7" type="cond" truecount="2" falsecount="0"/>
      <line num="6" count="6" type="stmt"/>
      <line num="7" count="6" type="stmt"/>
      <line num="8" count="6" type="stmt"/>
      <line num="9" count="6" type="stmt"/>
      <line num="11" count="6" type="cond" truecount="2" falsecount="0"/>
      <line num="13" count="2" type="cond" truecount="2" falsecount="0"/>
      <line num="14" count="1" type="stmt"/>
      <line num="15" count="4" type="cond" truecount="4" falsecount="0"/>
      <line num="17" count="3" type="cond" truecount="5" falsecount="0"/>
      <line num="18" count="2" type="cond" truecount="2" falsecount="0"/>
      <line num="21" count="1" type="cond" truecount="3" falsecount="1"/>
      <line num="24" count="1" type="stmt"/>
    </file>
  </project>
</coverage>
