TN:
SF:src\utils\password.ts
FN:1,(anonymous_0)
FNF:1
FNH:1
FNDA:9,(anonymous_0)
DA:1,1
DA:2,9
DA:3,8
DA:4,7
DA:6,6
DA:7,6
DA:8,6
DA:9,6
DA:11,6
DA:13,2
DA:14,1
DA:15,4
DA:17,3
DA:18,2
DA:21,1
DA:24,1
LF:16
LH:16
BRDA:2,0,0,1
BRDA:2,0,1,8
BRDA:3,1,0,1
BRDA:3,1,1,7
BRDA:4,2,0,1
BRDA:4,2,1,6
BRDA:11,3,0,2
BRDA:11,3,1,4
BRDA:13,4,0,1
BRDA:13,4,1,1
BRDA:15,5,0,3
BRDA:15,5,1,1
BRDA:15,6,0,4
BRDA:15,6,1,4
BRDA:17,7,0,1
BRDA:17,7,1,2
BRDA:17,8,0,3
BRDA:17,8,1,3
BRDA:17,8,2,3
BRDA:18,9,0,1
BRDA:18,9,1,1
BRDA:21,10,0,1
BRDA:21,10,1,0
BRDA:21,11,0,1
BRDA:21,11,1,1
BRF:25
BRH:24
end_of_record
